{"level":"info","ts":"2021-02-07T02:36:36.319+0800","caller":"web/router.go:190","msg":"database_config","name":"scaffold","user":"root","password":"","address":"localhost:3306"}
{"level":"info","ts":"2021-02-07T15:42:06.953+0800","caller":"api/run.go:87","msg":"database_config","name":"scaffold","user":"root","password":"","address":"localhost:3306"}
{"level":"info","ts":"2021-02-07T15:49:14.878+0800","caller":"api/run.go:92","msg":"database_config","name":"","user":"","password":"","address":""}
{"level":"info","ts":"2021-02-07T15:50:40.633+0800","caller":"api/run.go:92","msg":"database_config","name":"","user":"","password":"","address":""}
{"level":"info","ts":"2021-02-07T15:55:05.965+0800","caller":"api/run.go:92","msg":"database_config","name":"scaffold","user":"root","password":"","address":"localhost:3306"}
{"level":"info","ts":"2021-02-07T15:58:18.035+0800","caller":"api/run.go:92","msg":"database_config","name":"scaffold","user":"root","password":"","address":"localhost:3306"}
{"level":"info","ts":"2021-02-12T16:28:57.518+0800","caller":"api/run.go:86","msg":"database_config","name":"scaffold","user":"root","password":"","address":"localhost:3306"}
{"level":"info","ts":"2021-02-12T16:31:57.804+0800","caller":"api/run.go:86","msg":"database_config","name":"go_scaffold","user":"root","password":"","address":"localhost:3306"}
{"level":"info","ts":"2021-02-12T16:32:55.914+0800","caller":"api/run.go:86","msg":"database_config","name":"go_scaffold","user":"root","password":"","address":"localhost:3306"}
{"level":"info","ts":"2021-02-12T16:38:29.162+0800","caller":"api/run.go:86","msg":"database_config","name":"go_scaffold","user":"root","password":"","address":"localhost:3306"}
{"level":"info","ts":"2021-02-12T16:41:09.105+0800","caller":"api/run.go:86","msg":"database_config","name":"go_scaffold","user":"root","password":"","address":"localhost:3306"}
{"level":"info","ts":"2021-02-12T16:43:23.400+0800","caller":"api/run.go:86","msg":"database_config","name":"go_scaffold","user":"root","password":"","address":"localhost:3306"}
{"level":"info","ts":"2021-02-12T16:46:58.896+0800","caller":"api/run.go:86","msg":"database_config","name":"go_scaffold","user":"root","password":"","address":"localhost:3306"}
{"level":"info","ts":"2021-02-12T16:50:03.723+0800","caller":"api/run.go:86","msg":"database_config","name":"go_scaffold","user":"root","password":"","address":"localhost:3306"}
{"level":"info","ts":"2021-02-12T16:50:52.980+0800","caller":"api/run.go:86","msg":"database_config","name":"go_scaffold","user":"root","password":"","address":"localhost:3306"}
{"level":"info","ts":"2021-02-12T16:50:53.281+0800","caller":"model/user.go:52","msg":"record not found"}
{"level":"info","ts":"2021-02-12T16:54:18.570+0800","caller":"api/run.go:86","msg":"database_config","name":"go_scaffold","user":"root","password":"","address":"localhost:3306"}
{"level":"info","ts":"2021-02-12T16:55:05.817+0800","caller":"api/run.go:86","msg":"database_config","name":"go_scaffold","user":"root","password":"","address":"localhost:3306"}
{"level":"info","ts":"2021-02-12T16:57:25.884+0800","caller":"api/run.go:86","msg":"database_config","name":"go_scaffold","user":"root","password":"","address":"localhost:3306"}
{"level":"info","ts":"2021-02-12T16:57:42.212+0800","caller":"api/run.go:86","msg":"database_config","name":"go_scaffold","user":"root","password":"","address":"localhost:3306"}
{"level":"info","ts":"2021-02-12T17:01:49.756+0800","caller":"api/run.go:86","msg":"database_config","name":"go_scaffold","user":"root","password":"","address":"localhost:3306"}
{"level":"info","ts":"2021-02-12T17:07:52.988+0800","caller":"api/run.go:86","msg":"database_config","name":"go_scaffold","user":"root","password":"","address":"localhost:3306"}
{"level":"info","ts":"2021-02-12T17:12:46.690+0800","caller":"api/run.go:86","msg":"database_config","name":"go_scaffold","user":"root","password":"","address":"localhost:3306"}
{"level":"info","ts":"2021-02-12T17:17:40.498+0800","caller":"api/run.go:86","msg":"database_config","name":"go_scaffold","user":"root","password":"","address":"localhost:3306"}
{"level":"info","ts":"2021-02-12T17:20:43.553+0800","caller":"api/run.go:86","msg":"database_config","name":"go_scaffold","user":"root","password":"","address":"localhost:3306"}
{"level":"info","ts":"2021-02-12T17:23:07.491+0800","caller":"api/run.go:86","msg":"database_config","name":"go_scaffold","user":"root","password":"","address":"localhost:3306"}
{"level":"info","ts":"2021-02-12T17:28:53.432+0800","caller":"api/run.go:86","msg":"database_config","name":"go_scaffold","user":"root","password":"","address":"localhost:3306"}
{"level":"info","ts":"2021-02-12T17:31:54.922+0800","caller":"api/run.go:86","msg":"database_config","name":"go_scaffold","user":"root","password":"","address":"localhost:3306"}
{"level":"info","ts":"2021-02-12T17:32:55.354+0800","caller":"api/run.go:86","msg":"database_config","name":"go_scaffold","user":"root","password":"","address":"localhost:3306"}
{"level":"info","ts":"2021-02-12T17:40:33.601+0800","caller":"api/run.go:86","msg":"database_config","name":"go_scaffold","user":"root","password":"","address":"localhost:3306"}
{"level":"info","ts":"2021-02-12T17:40:45.400+0800","caller":"api/run.go:86","msg":"database_config","name":"go_scaffold","user":"root","password":"","address":"localhost:3306"}
{"level":"info","ts":"2021-02-12T17:56:03.034+0800","caller":"api/run.go:86","msg":"database_config","name":"go_scaffold","user":"root","password":"","address":"localhost:3306"}
{"level":"info","ts":"2021-02-12T18:00:08.266+0800","caller":"api/run.go:86","msg":"database_config","name":"go_scaffold","user":"root","password":"","address":"localhost:3306"}
{"level":"info","ts":"2021-02-12T18:01:31.905+0800","caller":"api/run.go:86","msg":"database_config","name":"go_scaffold","user":"root","password":"","address":"localhost:3306"}
{"level":"info","ts":"2021-02-12T18:02:08.689+0800","caller":"api/run.go:86","msg":"database_config","name":"go_scaffold","user":"root","password":"","address":"localhost:3306"}
{"level":"info","ts":"2021-02-12T18:03:35.213+0800","caller":"api/run.go:86","msg":"database_config","name":"go_scaffold","user":"root","password":"","address":"localhost:3306"}
{"level":"info","ts":"2021-02-12T18:08:57.250+0800","caller":"api/run.go:86","msg":"database_config","name":"go_scaffold","user":"root","password":"","address":"localhost:3306"}
{"level":"info","ts":"2021-02-12T18:13:35.095+0800","caller":"api/run.go:86","msg":"database_config","name":"go_scaffold","user":"root","password":"","address":"localhost:3306"}
{"level":"info","ts":"2021-02-12T18:22:15.077+0800","caller":"api/run.go:86","msg":"database_config","name":"go_scaffold","user":"root","password":"","address":"localhost:3306"}
{"level":"info","ts":"2021-02-12T18:23:41.653+0800","caller":"api/run.go:86","msg":"database_config","name":"go_scaffold","user":"root","password":"","address":"localhost:3306"}
{"level":"info","ts":"2021-02-12T18:25:14.405+0800","caller":"api/run.go:86","msg":"database_config","name":"go_scaffold","user":"root","password":"","address":"localhost:3306"}
{"level":"info","ts":"2021-02-12T18:26:31.593+0800","caller":"api/run.go:86","msg":"database_config","name":"go_scaffold","user":"root","password":"","address":"localhost:3306"}
{"level":"info","ts":"2021-02-12T19:25:15.214+0800","caller":"api/run.go:89","msg":"database_config","name":"go_scaffold","user":"root","password":"","address":"localhost:3306"}
{"level":"info","ts":"2021-02-12T19:26:12.147+0800","caller":"api/run.go:89","msg":"database_config","name":"go_scaffold","user":"root","password":"","address":"localhost:3306"}
{"level":"info","ts":"2021-02-12T19:28:21.144+0800","caller":"api/run.go:89","msg":"database_config","name":"go_scaffold","user":"root","password":"","address":"localhost:3306"}
{"level":"info","ts":"2021-02-12T19:38:04.945+0800","caller":"api/run.go:89","msg":"database_config","name":"go_scaffold","user":"root","password":"","address":"localhost:3306"}
{"level":"info","ts":"2021-02-12T19:38:40.486+0800","caller":"api/run.go:89","msg":"database_config","name":"go_scaffold","user":"root","password":"","address":"localhost:3306"}
{"level":"info","ts":"2021-02-13T01:05:07.619+0800","caller":"api/run.go:89","msg":"database_config","name":"go_scaffold","user":"root","password":"","address":"localhost:3306"}
{"level":"info","ts":"2021-02-13T01:06:45.911+0800","caller":"api/run.go:89","msg":"database_config","name":"go_scaffold","user":"root","password":"","address":"localhost:3306"}
{"level":"info","ts":"2021-02-13T01:07:22.549+0800","caller":"api/run.go:89","msg":"database_config","name":"go_scaffold","user":"root","password":"","address":"localhost:3306"}
